2017-02-23 16:45:47 INFO   BuscarSintomasPorIniciales:71 - Petición subida con fecha null
2017-02-23 16:45:50 INFO   BuscarSintomasPorIniciales:89 - OPERACION CORRECTA 
2017-02-23 16:47:22 INFO   BuscarSintomasPorIniciales:71 - Petición subida null
2017-02-23 16:47:23 INFO   BuscarSintomasPorIniciales:71 - Petición subida null
2017-02-23 16:47:25 INFO   BuscarSintomasPorIniciales:89 - OPERACION   
2017-02-23 16:47:26 INFO   BuscarSintomasPorIniciales:89 - OPERACION CORRECTA 
2017-02-23 17:02:42 INFO   BuscarSintomasPorIniciales:71 - Petición subida null
2017-02-23 17:02:45 INFO   BuscarSintomasPorIniciales:89 - OPERACION CORRECTA 
2017-02-23 17:04:16 INFO   BuscarSintomasPorIniciales:78 - Petición subida null
2017-02-23 17:04:16 INFO   BuscarSintomasPorIniciales:90 - OPERACION CORRECTA 
2017-02-27 16:28:47 INFO   servlets.BuscarPatologia:52 - Total de bytes leídos = 
2017-02-27 16:30:34 INFO   servlets.BuscarPatologia:52 - Total de bytes leídos = 
2017-02-28 17:37:17 INFO   servlets.BuscarPatologia:52 - Total de bytes leídos = 
2017-02-28 17:37:52 INFO   servlets.BuscarPatologia:52 - Total de bytes leídos = 
2017-02-28 17:37:52 INFO   servlets.BuscarPatologia:52 - Total de bytes leídos = 
2017-02-28 17:37:53 INFO   servlets.BuscarPatologia:52 - Total de bytes leídos = 
2017-02-28 17:42:04 INFO   servlets.BuscarPatologia:52 - Total de bytes leídos = 
2017-02-28 17:44:47 INFO   servlets.BuscarPatologia:52 - Total de bytes leídos = 
2017-02-28 17:44:47 INFO   servlets.BuscarPatologia:52 - Total de bytes leídos = 
2017-02-28 17:44:47 INFO   servlets.BuscarPatologia:52 - Total de bytes leídos = 
